-------------------------------------------------------------------------------
Test set: fr.istic.vv.DateTest
-------------------------------------------------------------------------------
Tests run: 12, Failures: 1, Errors: 0, Skipped: 0, Time elapsed: 0.113 s <<< FAILURE! - in fr.istic.vv.DateTest
fr.istic.vv.DateTest.testNextDateMutantDetection  Time elapsed: 0.007 s  <<< FAILURE!
org.opentest4j.AssertionFailedError: expected: not equal but was: <01-01-2023>
	at fr.istic.vv.DateTest.testNextDateMutantDetection(DateTest.java:114)

